C:\USERS\23605\DOCUMENTS\VISUAL STUDIO 2012\PROJECTS\LOGMODULE\LOGMODULE\DEBUG\LOGMODULE.PCH
C:\USERS\23605\DOCUMENTS\VISUAL STUDIO 2012\PROJECTS\LOGMODULE\LOGMODULE\DEBUG\STDAFX.OBJ
C:\USERS\23605\DOCUMENTS\VISUAL STUDIO 2012\PROJECTS\LOGMODULE\LOGMODULE\DEBUG\VC110.PDB
C:\USERS\23605\DOCUMENTS\VISUAL STUDIO 2012\PROJECTS\LOGMODULE\LOGMODULE\DEBUG\LOGMODULE.OBJ
C:\USERS\23605\DOCUMENTS\VISUAL STUDIO 2012\PROJECTS\LOGMODULE\LOGMODULE\DEBUG\SD_LOG.OBJ
C:\USERS\23605\DOCUMENTS\VISUAL STUDIO 2012\PROJECTS\LOGMODULE\DEBUG\LOGMODULE.ILK
C:\USERS\23605\DOCUMENTS\VISUAL STUDIO 2012\PROJECTS\LOGMODULE\DEBUG\LOGMODULE.EXE
C:\USERS\23605\DOCUMENTS\VISUAL STUDIO 2012\PROJECTS\LOGMODULE\DEBUG\LOGMODULE.PDB
c:\Users\23605\documents\visual studio 2012\Projects\LogModule\LogModule\Debug\LogModule.obj
c:\Users\23605\documents\visual studio 2012\Projects\LogModule\LogModule\Debug\SD_Log.obj
c:\Users\23605\documents\visual studio 2012\Projects\LogModule\LogModule\Debug\stdafx.obj
c:\Users\23605\documents\visual studio 2012\Projects\LogModule\LogModule\Debug\cl.command.1.tlog
c:\Users\23605\documents\visual studio 2012\Projects\LogModule\LogModule\Debug\CL.read.1.tlog
c:\Users\23605\documents\visual studio 2012\Projects\LogModule\LogModule\Debug\CL.write.1.tlog
c:\Users\23605\documents\visual studio 2012\Projects\LogModule\LogModule\Debug\link-cvtres.read.1.tlog
c:\Users\23605\documents\visual studio 2012\Projects\LogModule\LogModule\Debug\link-cvtres.write.1.tlog
c:\Users\23605\documents\visual studio 2012\Projects\LogModule\LogModule\Debug\link-rc.read.1.tlog
c:\Users\23605\documents\visual studio 2012\Projects\LogModule\LogModule\Debug\link-rc.write.1.tlog
c:\Users\23605\documents\visual studio 2012\Projects\LogModule\LogModule\Debug\link.command.1.tlog
c:\Users\23605\documents\visual studio 2012\Projects\LogModule\LogModule\Debug\link.read.1.tlog
c:\Users\23605\documents\visual studio 2012\Projects\LogModule\LogModule\Debug\link.write.1.tlog
c:\Users\23605\documents\visual studio 2012\Projects\LogModule\LogModule\Debug\LogModule.pch
c:\Users\23605\documents\visual studio 2012\Projects\LogModule\LogModule\Debug\vc110.idb
c:\Users\23605\documents\visual studio 2012\Projects\LogModule\LogModule\Debug\vc110.pdb
c:\users\23605\documents\visual studio 2012\Projects\LogModule\Debug\LogModule.pdb
c:\users\23605\documents\visual studio 2012\Projects\LogModule\Debug\LogModule.exe
c:\users\23605\documents\visual studio 2012\Projects\LogModule\Debug\LogModule.ilk
